24301474 20386
Listening to..1001
Listening to..1001
Listening to..1001
Listening to..1001
1637658535904: Peer 1001 makes connection to Peer 1002
1637658535947: Peer 1001 is unchoked by 1002
1637658535958: Peer 1001 makes connection to Peer 1003
1637658535962: Peer 1001 makes connection to Peer 1004
1637658536039: Peer 1001 is unchoked by 1003
1637658536148: Peer 1001 is unchoked by 1004
1637658536234: Peer 1001 received the ‘interested’ message from 1002
1637658536242: Peer 1001 received the ‘interested’ message from 1003
1637658536266: Peer 1001 received the ‘interested’ message from 1004
Listening to..1001
1637658539105: Peer 1001 makes connection to Peer 1005
1637658539267: Peer 1001 received the ‘interested’ message from 1005
1637658539891: Peer 1001 received the ‘interested’ message from 1002
1637658539898: Peer 1001 received the ‘interested’ message from 1003
1637658539913: Peer 1001 received the ‘interested’ message from 1004
1637658546806: Peer 1001 is unchoked by 1003
1637658548837: Peer 1001 is unchoked by 1004
1637658551923: Peer 1001 is unchoked by 1002
1637658558945: Peer 1001 has the preferred neighbors 1004,1002
1637658558957: Peer 1001 has the optimistically unchoked neighbor 1003
1637658562980: Peer 1001 has the preferred neighbors 1005,1002
1637658564997: Peer 1001 is unchoked by 1004
1637658565007: Peer 1001 received 'have' message from 1005
1637658567026: Peer 1001 is unchoked by 1004
1637658567038: Peer 1001 is unchoked by 1002
1637658567052: Peer 1001 is unchoked by 1003
1637658577128: Peer 1001 is unchoked by 1004
1637658577143: Peer 1001 is unchoked by 1005
1637658580153: Peer 1001 received the ‘interested’ message from 1005
1637658586297: Peer 1001 is unchoked by 1003
1637658598495: Peer 1001 is unchoked by 1004
1637658601630: Peer 1001 is unchoked by 1002
1637658601650: Peer 1001 is unchoked by 1004
1637658610889: Peer 1001 has the preferred neighbors 1003,1004
1637658610898: Peer 1001 has the optimistically unchoked neighbor 1002
1637658611946: Peer 1001 is unchoked by 1003
1637658611955: Peer 1001 is unchoked by 1004
1637658611966: Peer 1001 is unchoked by 1002
1637658618982: Peer 1001 is unchoked by 1004
1637658622010: Peer 1001 is unchoked by 1002
1637658627096: Peer 1001 is unchoked by 1003
1637658627107: Peer 1001 is unchoked by 1004
1637658632122: Peer 1001 is choked by 1004
1637658637187: Peer 1001 is unchoked by 1004
1637658638203: Peer 1001 is unchoked by 1003
1637658641359: Peer 1001 is unchoked by 1004
1637658641368: Peer 1001 is unchoked by 1002
1637658646426: Peer 1001 is choked by 1002
1637658648439: Peer 1001 is unchoked by 1002
1637658656498: Peer 1001 is unchoked by 1002
1637658671629: Peer 1001 is unchoked by 1004
1637658676861: Peer 1001 is choked by 1004
1637658676868: Peer 1001 is unchoked by 1002
1637658687884: Peer 1001 is unchoked by 1002
1637658692237: Peer 1001 is unchoked by 1004
1637658696265: Peer 1001 is unchoked by 1003
1637658701313: Peer 1001 is unchoked by 1003
1637658702330: Peer 1001 is unchoked by 1002
1637658703347: Peer 1001 is unchoked by 1004
1637658706400: Peer 1001 is choked by 1002
1637658706412: Peer 1001 is choked by 1003
1637658707423: Peer 1001 is unchoked by 1002
1637658707436: Peer 1001 is unchoked by 1003
1637658717464: Peer 1001 is unchoked by 1002
1637658721519: Peer 1001 is choked by 1002
1637658722533: Peer 1001 is unchoked by 1004
1637658722560: Peer 1001 is unchoked by 1002
1637658727576: Peer 1001 is unchoked by 1002
1637658732595: Peer 1001 is unchoked by 1002
1637658737612: Peer 1001 is choked by 1002
1637658742630: Peer 1001 is unchoked by 1002
1637658751663: Peer 1001 is unchoked by 1003
1637658762685: Peer 1001 is unchoked by 1003
1637658767705: Peer 1001 is unchoked by 1003
1637658767720: Peer 1001 is unchoked by 1004
1637658772733: Peer 1001 is unchoked by 1004
1637658772749: Peer 1001 is unchoked by 1002
1637658776823: Peer 1001 is unchoked by 1004
1637658776839: Peer 1001 is choked by 1003
1637658781861: Peer 1001 is unchoked by 1003
1637658782880: Peer 1001 is unchoked by 1002
1637658787895: Peer 1001 is unchoked by 1002
1637658791923: Peer 1001 is unchoked by 1004
1637658813950: Peer 1001 is unchoked by 1003
1637658817965: Peer 1001 is unchoked by 1002
1637658817981: Peer 1001 is choked by 1003
1637658820018: Peer 1001 is unchoked by 1003
1637658822028: Peer 1001 is choked by 1003
1637658823036: Peer 1001 is unchoked by 1002
1637658827059: Peer 1001 is unchoked by 1004
1637658832129: Peer 1001 is unchoked by 1004
1637658835124: Peer 1001 received the ‘interested’ message from 1003
1637658836224: Peer 1001 received the ‘interested’ message from 1004
